<?xml version="1.0" encoding="UTF-8"?>
<testng-results ignored="0" total="1" passed="1" failed="0" skipped="0">
  <reporter-output>
  </reporter-output>
  <suite started-at="2025-07-14T19:11:16 IST" name="Suite" finished-at="2025-07-14T19:11:53 IST" duration-ms="37586">
    <groups>
    </groups>
    <test started-at="2025-07-14T19:11:16 IST" name="Test" finished-at="2025-07-14T19:11:53 IST" duration-ms="37586">
      <class name="package1.BaseTestClass">
        <test-method signature="testMethod()[pri:0, instance:package1.BaseTestClass@7ed7259e]" started-at="2025-07-14T19:11:16 IST" name="testMethod" finished-at="2025-07-14T19:11:53 IST" duration-ms="37517" status="PASS">
          <reporter-output>
          </reporter-output>
        </test-method> <!-- testMethod -->
      </class> <!-- package1.BaseTestClass -->
    </test> <!-- Test -->
  </suite> <!-- Suite -->
</testng-results>
