<?xml version="1.0" encoding="UTF-8"?>
<testng-results ignored="0" total="1" passed="1" failed="0" skipped="0">
  <reporter-output>
  </reporter-output>
  <suite started-at="2025-07-14T18:41:13 IST" name="Suite" finished-at="2025-07-14T18:41:17 IST" duration-ms="4632">
    <groups>
    </groups>
    <test started-at="2025-07-14T18:41:13 IST" name="Test" finished-at="2025-07-14T18:41:17 IST" duration-ms="4632">
      <class name="package1.BaseTestClass">
        <test-method signature="testMethod()[pri:0, instance:package1.BaseTestClass@765d7657]" started-at="2025-07-14T18:41:13 IST" name="testMethod" finished-at="2025-07-14T18:41:17 IST" duration-ms="4589" status="PASS">
          <reporter-output>
          </reporter-output>
        </test-method> <!-- testMethod -->
      </class> <!-- package1.BaseTestClass -->
    </test> <!-- Test -->
  </suite> <!-- Suite -->
</testng-results>
